<?xml version="1.0" encoding="UTF-8"?>
<testng-results ignored="0" total="1" passed="1" failed="0" skipped="0">
  <reporter-output>
  </reporter-output>
  <suite started-at="2021-01-30T11:04:30Z" name="inetbanking" finished-at="2021-01-30T11:04:52Z" duration-ms="21586">
    <groups>
    </groups>
    <test started-at="2021-01-30T11:04:30Z" name="bankingapp test" finished-at="2021-01-30T11:04:52Z" duration-ms="21586">
      <class name="com.banking.testCases.TC001_logintest">
        <test-method is-config="true" signature="setup()[pri:0, instance:com.banking.testCases.TC001_logintest@18ece7f4]" started-at="2021-01-30T11:04:31Z" name="setup" finished-at="2021-01-30T11:04:42Z" duration-ms="11171" status="PASS">
          <reporter-output>
          </reporter-output>
        </test-method> <!-- setup -->
        <test-method signature="loginTest()[pri:0, instance:com.banking.testCases.TC001_logintest@18ece7f4]" started-at="2021-01-30T11:04:42Z" name="loginTest" finished-at="2021-01-30T11:04:51Z" duration-ms="9156" status="PASS">
          <reporter-output>
          </reporter-output>
        </test-method> <!-- loginTest -->
        <test-method is-config="true" signature="teardown()[pri:0, instance:com.banking.testCases.TC001_logintest@18ece7f4]" started-at="2021-01-30T11:04:51Z" name="teardown" finished-at="2021-01-30T11:04:52Z" duration-ms="775" status="PASS">
          <reporter-output>
          </reporter-output>
        </test-method> <!-- teardown -->
      </class> <!-- com.banking.testCases.TC001_logintest -->
    </test> <!-- bankingapp test -->
  </suite> <!-- inetbanking -->
</testng-results>
